<?xml version="1.0" encoding="UTF-8"?>
<testng-results skipped="0" failed="0" total="1" passed="1">
  <reporter-output>
  </reporter-output>
  <suite name="dias.learning" duration-ms="865" started-at="2020-01-22T08:40:42Z" finished-at="2020-01-22T08:40:43Z">
    <groups>
    </groups>
    <test name="Setup" duration-ms="3" started-at="2020-01-22T08:40:42Z" finished-at="2020-01-22T08:40:42Z">
    </test> <!-- Setup -->
    <test name="Test" duration-ms="843" started-at="2020-01-22T08:40:42Z" finished-at="2020-01-22T08:40:43Z">
      <class name="com.dias.utilities.CommonUtility">
        <test-method status="PASS" signature="setDriver()[pri:0, instance:com.dias.utilities.CommonUtility@1fbc7afb]" name="setDriver" is-config="true" duration-ms="6595" started-at="2020-01-22T14:10:35Z" finished-at="2020-01-22T14:10:42Z">
          <reporter-output>
          </reporter-output>
        </test-method> <!-- setDriver -->
        <test-method status="PASS" signature="chat()[pri:0, instance:com.dias.utilities.CommonUtility@1fbc7afb]" name="chat" duration-ms="839" started-at="2020-01-22T14:10:42Z" finished-at="2020-01-22T14:10:43Z">
          <reporter-output>
          </reporter-output>
        </test-method> <!-- chat -->
      </class> <!-- com.dias.utilities.CommonUtility -->
    </test> <!-- Test -->
  </suite> <!-- dias.learning -->
</testng-results>
